11.0035 1.57898	1.5748
12 1.63861	1.63448
13 1.69564	1.69143
14 1.75015	1.74584
15 1.8024	1.79796
16 1.85262	1.84812
16.9999 1.901	1.89638
18 1.94771	1.94302
19 1.99288	1.98807
20 2.03663	2.03178
21 2.07908	2.07418
22 2.12031	2.11531
23.0001 2.16041	2.15537
24 2.19944	2.19431
25 2.2375	2.23234
26 2.27461	2.26937
27 2.31087	2.30557
27.9999 2.34627	2.34097
29 2.38091	2.37553
30 2.41479	2.40939
31.0001 2.44798	2.4425
32 2.48047	2.47498
33 2.51234	2.50684
34 2.54359	2.53802
35 2.57426	2.56867
36 2.60436	2.59871
37 2.63392	2.62827
38 2.66297	2.65726
39.0001 2.69152	2.68582
40 2.71959	2.71387
41 2.7472	2.74143
42 2.77436	2.7686
43 2.80111	2.79528
44.0001 2.82743	2.82163
45 2.85336	2.84755
46 2.8789	2.87304
47 2.90407	2.89822
47.9999 2.92888	2.92298
49 2.95335	2.94748
50 2.97747	2.9716
51 3.00128	2.99536
52 3.02476	3.01886
53 3.04794	3.04208
54 3.07083	3.06492
55.0001 3.09343	3.08752
56 3.11574	3.10979
57.0001 3.13779	3.13188
58.0001 3.15956	3.15367
59 3.18107	3.17515
60 3.20233	3.19641
61.0001 3.22334	3.21738
61.9997 3.2441	3.23817
62.9997 3.2646	3.25871
63.9997 3.28488	3.27896
64.9997 3.30493	3.29901
65.9997 3.32477	3.31887
66.9997 3.34436	3.33843
67.9997 3.36374	3.35786
68.9997 3.38292	3.37701
69.9997 3.4019	3.396
70.9997 3.42067	3.4148
71.9997 3.43924	3.43334
72.9997 3.45763	3.45177
73.9997 3.47583	3.47001
74.9997 3.49386	3.488
75.9997 3.51169	3.50585
76.9997 3.52935	3.52356
77.9997 3.54684	3.54103
78.9997 3.56418	3.5584
79.9997 3.58134	3.57558
80.9997 3.59834	3.59255
81.9997 3.61518	3.60944
82.9997 3.63187	3.6261
83.9997 3.64841	3.64268
84.9997 3.66479	3.65908
85.9997 3.68103	3.67529
86.9997 3.69712	3.69143
87.9997 3.71307	3.70743
88.9997 3.72888	3.72322
89.9997 3.74456	3.73892
90.9997 3.7601	3.7545
91.9997 3.7755	3.76988
92.9997 3.79077	3.78521
93.9997 3.80592	3.80038
94.9997 3.82094	3.81538
95.9997 3.83584	3.83033
96.9997 3.85062	3.84516
97.9997 3.86528	3.8598
98.9997 3.87981	3.87435
99.9997 3.89423	3.88881
101 3.90854	3.9031
102 3.92272	3.91735
103 3.9368	3.93145
104 3.95077	3.94545
105 3.96463	3.9593
106 3.97838	3.97311
107 3.99203	3.98679
108 4.00558	4.00032
109 4.01902	4.01379
110 4.03236	4.02719
111 4.0456	4.04042
112 4.05875	4.05361
113 4.07179	4.06668
114 4.08475	4.07961
115 4.0976	4.09252
116 4.11036	4.10535
117 4.12303	4.11804
118 4.13562	4.1306
119 4.14811	4.14315
120 4.16051	4.15561
121 4.17283	4.16791
122 4.18505	4.18017
123 4.1972	4.19234
124 4.20924	4.20439
125 4.22122	4.21641
126 4.23311	4.22836
127 4.24492	4.24019
128.001 4.25665	4.25191
129 4.26829	4.2636
130 4.27986	4.27523
131 4.29135	4.28676
132 4.30277	4.29817
133 4.31411	4.30954
134 4.32538	4.32087
135 4.33658	4.33206
136 4.34771	4.34323
137 4.35876	4.35432
138 4.36974	4.36537
	4.37627
