Radius(cm)            Angle_hori   Z(cm)   Angle_vert  X   D=Brho/Broh0   Kinetic_Energy(MeV)  
4.4110186811849383E+02 0 0.0 0.0 0.0 0.261349 o 11
4.4346790592881376E+02 0 0.0 0.0 0.0 0.273043 o 12 
4.4564872122612087E+02 0 0.0 0.0 0.0 0.284267 o	13
4.4767539764238137E+02 0 0.0 0.0 0.0 0.295076 o	14
4.4956844917188442E+02 0 0.0 0.0 0.0 0.305513 o	15
4.5134475525741095E+02 0 0.0 0.0 0.0 0.315616 o	16
4.5301890919127214E+02 0 0.0 0.0 0.0 0.325415 o	17 
4.5460109211605425E+02 0 0.0 0.0 0.0 0.334938 o 18
4.5610187154925774E+02 0 0.0 0.0 0.0 0.344207 o 19
4.5752940433012844E+02 0 0.0 0.0 0.0 0.353242 o 20
4.5889028309645369E+02 0 0.0 0.0 0.0 0.362061 o 21
4.6018875931096744E+02 0 0.0 0.0 0.0 0.370679 o 22
4.6143512983922250E+02 0 0.0 0.0 0.0 0.37911 o  23 
4.6262977070026278E+02 0 0.0 0.0 0.0 0.387365 o 24
4.6377760869592095E+02 0 0.0 0.0 0.0 0.395457 o 25
4.6488444022181994E+02 0 0.0 0.0 0.0 0.403395 o 26
4.6594785915201203E+02 0 0.0 0.0 0.0 0.411187 o 27
4.6697858634617450E+02 0 0.0 0.0 0.0 0.418842 o 28
4.6797082434075094E+02 0 0.0 0.0 0.0 0.426368 o 29
4.6893514971715308E+02 0 0.0 0.0 0.0 0.433771 o 30
4.6986569631706038E+02 0 0.0 0.0 0.0 0.441057 o 31
4.7077180871361770E+02 0 0.0 0.0 0.0 0.448231 o 32
4.7165055339067248E+02 0 0.0 0.0 0.0 0.4553 o   33
4.7250517985920823E+02 0 0.0 0.0 0.0 0.462268 o 34 
4.7333376712277555E+02 0 0.0 0.0 0.0 0.46914 o  35
4.7414250881019143E+02 0 0.0 0.0 0.0 0.475919 o 36 
4.7493073177523422E+02 0 0.0 0.0 0.0 0.48261 o  37
4.7569678279553722E+02 0 0.0 0.0 0.0 0.489216 o 38 
4.7644730670743286E+02 0 0.0 0.0 0.0 0.495741 o 39
4.7718105743492021E+02 0 0.0 0.0 0.0 0.502187 o 40
4.7789670570126964E+02 0 0.0 0.0 0.0 0.508558 o 41
4.7859514298756960E+02 0 0.0 0.0 0.0 0.514857 o 42
4.7927759637904956E+02 0 0.0 0.0 0.0 0.521086 o 43
4.7994736541628578E+02 0 0.0 0.0 0.0 0.527248 o 44
4.8060226400366963E+02 0 0.0 0.0 0.0 0.533344 o 45
4.8124269297998973E+02 0 0.0 0.0 0.0 0.539378 o 46
4.8187170452640544E+02 0 0.0 0.0 0.0 0.545351 o 47
4.8248939989785032E+02 0 0.0 0.0 0.0 0.551265 o 48
4.8309646773625576E+02 0 0.0 0.0 0.0 0.557123 o 49
4.8368971972602469E+02 0 0.0 0.0 0.0 0.562925 o 50
4.8426918855450708E+02 0 0.0 0.0 0.0 0.568674 o 51
4.8483975603992843E+02 0 0.0 0.0 0.0 0.574371 o 52
4.8540145680302459E+02 0 0.0 0.0 0.0 0.580018 o 53
4.8595088364040390E+02 0 0.0 0.0 0.0 0.585616 o 54
4.8649138989458385E+02 0 0.0 0.0 0.0 0.591167 o 55
4.8702146957389334E+02 0 0.0 0.0 0.0 0.596671 o 56
4.8754397511888567E+02 0 0.0 0.0 0.0 0.602131 o 57
4.8806004043139740E+02 0 0.0 0.0 0.0 0.607547 o 58
4.8856895582656892E+02 0 0.0 0.0 0.0 0.61292 o  59
4.8906715378939901E+02 0 0.0 0.0 0.0 0.618252 o 60
4.8955564651547343E+02 0 0.0 0.0 0.0 0.623544 o 61
4.9003851678804125E+02 0 0.0 0.0 0.0 0.628796 o 62
4.9051474773191427E+02 0 0.0 0.0 0.0 0.63401 o  63
4.9098667999159846E+02 0 0.0 0.0 0.0 0.639187 o 64
4.9144870080055739E+02 0 0.0 0.0 0.0 0.644327 o 65
4.9190124918582615E+02 0 0.0 0.0 0.0 0.649432 o 66
4.9235214133806033E+02 0 0.0 0.0 0.0 0.654502 o 67
4.9279644612832647E+02 0 0.0 0.0 0.0 0.659538 o 68
4.9323642393750185E+02 0 0.0 0.0 0.0 0.66454 o  69
4.9367202457001542E+02 0 0.0 0.0 0.0 0.66951 o  70
4.9410079935571355E+02 0 0.0 0.0 0.0 0.674449 o 71
4.9452405567969100E+02 0 0.0 0.0 0.0 0.679356 o 72
4.9494030381447004E+02 0 0.0 0.0 0.0 0.684233 o 73
4.9535150657915983E+02 0 0.0 0.0 0.0 0.689081 o 74
4.9575710276818091E+02 0 0.0 0.0 0.0 0.693899 o 75
4.9615893445698117E+02 0 0.0 0.0 0.0 0.698688 o 76
4.9655811844592228E+02 0 0.0 0.0 0.0 0.70345 o  77
4.9694990284702300E+02 0 0.0 0.0 0.0 0.708184 o 78 
4.9733512140697815E+02 0 0.0 0.0 0.0 0.712892 o 79
4.9771647182087816E+02 0 0.0 0.0 0.0 0.717573 o 80
4.9809361297322744E+02 0 0.0 0.0 0.0 0.722228 o 81
4.9846658683304264E+02 0 0.0 0.0 0.0 0.726859 o 82
4.9883701746526964E+02 0 0.0 0.0 0.0 0.731464 o 83
4.9920515627613554E+02 0 0.0 0.0 0.0 0.736045 o 84
4.9956828783337130E+02 0 0.0 0.0 0.0 0.740602 o 85
4.9992523629361796E+02 0 0.0 0.0 0.0 0.745135 o 86
5.0027999913981057E+02 0 0.0 0.0 0.0 0.749646 o 87
5.0063052841583294E+02 0 0.0 0.0 0.0 0.754134 o 88
5.0097787225777660E+02 0 0.0 0.0 0.0 0.7586 o   89
5.0132088946280652E+02 0 0.0 0.0 0.0 0.763044 o 90
5.0166036255753613E+02 0 0.0 0.0 0.0 0.767466 o 91
5.0199799475261096E+02 0 0.0 0.0 0.0 0.771867 o 92
5.0233218643840047E+02 0 0.0 0.0 0.0 0.776248 o 93
5.0266108713926315E+02 0 0.0 0.0 0.0 0.780608 o 94
5.0298726004134608E+02 0 0.0 0.0 0.0 0.784949 o 95
5.0331021780124746E+02 0 0.0 0.0 0.0 0.789269 o 96
5.0362962525287048E+02 0 0.0 0.0 0.0 0.793571 o 97
5.0394584470165375E+02 0 0.0 0.0 0.0 0.797853 o 98
5.0425831137640097E+02 0 0.0 0.0 0.0 0.802116 o 99
5.0457027682877901E+02 0 0.0 0.0 0.0 0.806361 o 100
5.0488187890972506E+02 0 0.0 0.0 0.0 0.810588 o 101
5.0518777205332367E+02 0 0.0 0.0 0.0 0.814797 o 102
5.0549038482305167E+02 0 0.0 0.0 0.0 0.818988 o 103
5.0578972437009463E+02 0 0.0 0.0 0.0 0.823162 o 104
5.0608692076167716E+02 0 0.0 0.0 0.0 0.827319 o 105
5.0638272468936088E+02 0 0.0 0.0 0.0 0.831459 o 106
5.0667542068819830E+02 0 0.0 0.0 0.0 0.835582 o 107
5.0696586340025766E+02 0 0.0 0.0 0.0 0.839689 o 108
5.0725283917759896E+02 0 0.0 0.0 0.0 0.84378 o  109
5.0753954673826405E+02 0 0.0 0.0 0.0 0.847855 o 110
5.0782260986781068E+02 0 0.0 0.0 0.0 0.851915 o 111
5.0810265914561410E+02 0 0.0 0.0 0.0 0.855959 o 112
5.0838074916576278E+02 0 0.0 0.0 0.0 0.859988 o 113
5.0865715383594051E+02 0 0.0 0.0 0.0 0.864002 o 114
5.0893030430371499E+02 0 0.0 0.0 0.0 0.868001 o 115
5.0920337255485771E+02 0 0.0 0.0 0.0 0.871985 o 116
5.0947294678597416E+02 0 0.0 0.0 0.0 0.875956 o 117
5.0973839127599467E+02 0 0.0 0.0 0.0 0.879912 o 118
5.1000224232076886E+02 0 0.0 0.0 0.0 0.883854 o 119
5.1026486046354063E+02 0 0.0 0.0 0.0 0.887782 o 120 
5.1053021869419530E+02 0 0.0 0.0 0.0 0.891697 o 121
5.1079088142991139E+02 0 0.0 0.0 0.0 0.895598 o 122
5.1104915459101670E+02 0 0.0 0.0 0.0 0.899486 o 123
5.1130578802177718E+02 0 0.0 0.0 0.0 0.903361 o 124
5.1156030348784589E+02 0 0.0 0.0 0.0 0.907223 o 125
5.1181372938760876E+02 0 0.0 0.0 0.0 0.911072 o 126
5.1206531500663027E+02 0 0.0 0.0 0.0 0.914908 o 127
5.1231390659610258E+02 0 0.0 0.0 0.0 0.918733 o 128
5.1256184772714244E+02 0 0.0 0.0 0.0 0.922544 o 129
5.1280686998660940E+02 0 0.0 0.0 0.0 0.926344 o 130
5.1305124024842246E+02 0 0.0 0.0 0.0 0.930132 o 131
5.1329515707306018E+02 0 0.0 0.0 0.0 0.933908 o 132
5.1353593546849606E+02 0 0.0 0.0 0.0 0.937672 o 133
5.1377416521729231E+02 0 0.0 0.0 0.0 0.941424 o 134
5.1401168072001303E+02 0 0.0 0.0 0.0 0.945166 o 135
5.1424707365658378E+02 0 0.0 0.0 0.0 0.948895 o 136
5.1448152699109005E+02 0 0.0 0.0 0.0 0.952614 o 137
5.1471480622382433E+02 0 0.0 0.0 0.0 0.956322 o 138
5.1494559977886274E+02 0 0.0 0.0 0.0 0.960019 o 139
